c:\users\jordan\documents\visual studio 2015\projects\opengl start2\opengl start2\x64\debug\vc140.pdb
c:\users\jordan\documents\visual studio 2015\projects\opengl start2\opengl start2\x64\debug\vc140.idb
c:\users\jordan\documents\visual studio 2015\projects\opengl start2\opengl start2\x64\debug\glad.obj
c:\users\jordan\documents\visual studio 2015\projects\opengl start2\opengl start2\x64\debug\gui.obj
c:\users\jordan\documents\visual studio 2015\projects\opengl start2\opengl start2\x64\debug\main.obj
c:\users\jordan\documents\visual studio 2015\projects\opengl start2\opengl start2\x64\debug\resourcemanager.obj
c:\users\jordan\documents\visual studio 2015\projects\opengl start2\opengl start2\x64\debug\shader.obj
c:\users\jordan\documents\visual studio 2015\projects\opengl start2\opengl start2\x64\debug\nuklear.obj
c:\users\jordan\documents\visual studio 2015\projects\opengl start2\opengl start2\x64\debug\texture2d.obj
c:\users\jordan\documents\visual studio 2015\projects\opengl start2\opengl start2\x64\debug\timer.obj
c:\users\jordan\documents\visual studio 2015\projects\opengl start2\opengl start2\x64\debug\camera.obj
c:\users\jordan\documents\visual studio 2015\projects\opengl start2\x64\debug\deendee.pdb
c:\users\jordan\documents\visual studio 2015\projects\opengl start2\opengl start2\x64\debug\deendee.tlog\cl.command.1.tlog
c:\users\jordan\documents\visual studio 2015\projects\opengl start2\opengl start2\x64\debug\deendee.tlog\cl.read.1.tlog
c:\users\jordan\documents\visual studio 2015\projects\opengl start2\opengl start2\x64\debug\deendee.tlog\cl.write.1.tlog
c:\users\jordan\documents\visual studio 2015\projects\opengl start2\opengl start2\x64\debug\deendee.tlog\link-cvtres.read.1.tlog
c:\users\jordan\documents\visual studio 2015\projects\opengl start2\opengl start2\x64\debug\deendee.tlog\link-cvtres.write.1.tlog
c:\users\jordan\documents\visual studio 2015\projects\opengl start2\opengl start2\x64\debug\deendee.tlog\link-rc.read.1.tlog
c:\users\jordan\documents\visual studio 2015\projects\opengl start2\opengl start2\x64\debug\deendee.tlog\link-rc.write.1.tlog
c:\users\jordan\documents\visual studio 2015\projects\opengl start2\opengl start2\x64\debug\deendee.tlog\link.command.1.tlog
c:\users\jordan\documents\visual studio 2015\projects\opengl start2\opengl start2\x64\debug\deendee.tlog\link.read.1.tlog
c:\users\jordan\documents\visual studio 2015\projects\opengl start2\opengl start2\x64\debug\deendee.tlog\link.write.1.tlog
